<?xml version="1.0" encoding="UTF-8"?>
<!-- Generated by org.testng.reporters.JUnitReportReporter -->
<testsuite hostname="Chenna" failures="0" tests="3" name="com.testcases.TestCases" time="0.011" errors="0" timestamp="2023-11-06T18:55:52 IST" skipped="0">
  <testcase classname="com.testcases.TestCases" name="case3" time="0.001"/>
  <testcase classname="com.testcases.TestCases" name="case2" time="0.001"/>
  <testcase classname="com.testcases.TestCases" name="case1" time="0.009"/>
</testsuite> <!-- com.testcases.TestCases -->
